INFO 2019-01-28 17:04:01,685 - LogFile created
INFO 2019-01-28 17:04:06,861 - Waiting for a buy signal
INFO 2019-01-28 17:04:13,014 - Waiting for a buy signal
INFO 2019-01-28 17:04:19,026 - Waiting for a buy signal
INFO 2019-01-28 17:04:25,229 - Waiting for a buy signal
INFO 2019-01-28 17:04:31,189 - Waiting for a buy signal
INFO 2019-01-28 17:04:37,159 - Waiting for a buy signal
INFO 2019-01-28 17:04:43,117 - Waiting for a buy signal
INFO 2019-01-28 17:04:49,408 - Waiting for a buy signal
INFO 2019-01-28 17:04:55,675 - Waiting for a buy signal
INFO 2019-01-28 17:05:01,726 - Waiting for a buy signal
INFO 2019-01-28 17:05:07,691 - Waiting for a buy signal
INFO 2019-01-28 17:05:13,688 - Waiting for a buy signal
INFO 2019-01-28 17:05:19,677 - Waiting for a buy signal
INFO 2019-01-28 17:05:25,850 - Waiting for a buy signal
INFO 2019-01-28 17:05:31,872 - Waiting for a buy signal
INFO 2019-01-28 17:05:38,149 - Waiting for a buy signal
INFO 2019-01-28 17:05:38,844 - Sucefull creating a buy order
INFO 2019-01-28 17:05:44,829 - We have open orders, waiting for sell signal
INFO 2019-01-28 17:05:45,506 - Sucefull creating a sell order
INFO 2019-01-28 17:05:51,770 - Waiting for a buy signal
INFO 2019-01-28 17:05:57,966 - Waiting for a buy signal
INFO 2019-01-28 17:06:04,062 - Waiting for a buy signal
INFO 2019-01-28 17:06:05,010 - Sucefull creating a buy order
INFO 2019-01-28 17:06:11,384 - We have open orders, waiting for sell signal
INFO 2019-01-28 17:06:12,080 - Sucefull creating a sell order
INFO 2019-01-28 17:06:18,023 - Waiting for a buy signal
INFO 2019-01-28 17:06:24,532 - Waiting for a buy signal
INFO 2019-01-28 17:06:30,635 - Waiting for a buy signal
INFO 2019-01-28 17:06:36,878 - Waiting for a buy signal
INFO 2019-01-28 17:06:37,563 - Sucefull creating a buy order
INFO 2019-01-28 17:06:43,814 - We have open orders, waiting for sell signal
INFO 2019-01-28 17:06:44,486 - Sucefull creating a sell order
INFO 2019-01-28 17:06:50,580 - Waiting for a buy signal
INFO 2019-01-28 17:06:56,735 - Waiting for a buy signal
INFO 2019-01-28 17:07:02,866 - Waiting for a buy signal
INFO 2019-01-28 17:07:09,346 - Waiting for a buy signal
INFO 2019-01-28 17:07:15,290 - Waiting for a buy signal
INFO 2019-01-28 17:07:15,960 - Sucefull creating a buy order
INFO 2019-01-28 17:07:22,220 - We have open orders, waiting for sell signal
INFO 2019-01-28 17:07:22,919 - Sucefull creating a sell order
INFO 2019-01-28 17:07:29,301 - Waiting for a buy signal
INFO 2019-01-28 17:07:35,265 - Waiting for a buy signal
INFO 2019-01-28 17:07:41,522 - Waiting for a buy signal
INFO 2019-01-28 17:07:47,685 - Waiting for a buy signal
INFO 2019-01-28 17:07:48,365 - Sucefull creating a buy order
INFO 2019-01-28 17:07:54,603 - We have open orders, waiting for sell signal
INFO 2019-01-28 17:07:55,273 - Sucefull creating a sell order
INFO 2019-01-28 17:08:01,253 - Waiting for a buy signal
INFO 2019-01-28 17:08:07,220 - Waiting for a buy signal
INFO 2019-01-28 17:08:07,888 - Sucefull creating a buy order
INFO 2019-01-28 17:08:14,161 - We have open orders, waiting for sell signal
INFO 2019-01-28 17:08:14,841 - Sucefull creating a sell order
INFO 2019-01-28 17:08:21,635 - Waiting for a buy signal
INFO 2019-01-28 17:08:22,316 - Sucefull creating a buy order
INFO 2019-01-28 17:08:29,200 - We have open orders, waiting for sell signal
INFO 2019-01-28 17:08:35,291 - We have open orders, waiting for sell signal
INFO 2019-01-28 17:08:35,970 - Sucefull creating a sell order
INFO 2019-01-28 17:08:41,935 - Waiting for a buy signal
INFO 2019-01-28 17:08:42,636 - Sucefull creating a buy order
INFO 2019-01-28 17:08:48,759 - We have open orders, waiting for sell signal
INFO 2019-01-28 17:08:49,462 - Sucefull creating a sell order
INFO 2019-01-28 17:08:55,691 - Waiting for a buy signal
INFO 2019-01-28 17:09:01,700 - Waiting for a buy signal
INFO 2019-01-28 17:09:07,929 - Waiting for a buy signal
INFO 2019-01-28 17:09:14,191 - Waiting for a buy signal
INFO 2019-01-28 17:09:20,147 - Waiting for a buy signal
INFO 2019-01-28 17:09:26,328 - Waiting for a buy signal
INFO 2019-01-28 17:09:32,448 - Waiting for a buy signal
INFO 2019-01-28 17:09:38,722 - Waiting for a buy signal
INFO 2019-01-28 17:09:44,697 - Waiting for a buy signal
INFO 2019-01-28 17:09:50,638 - Waiting for a buy signal
INFO 2019-01-28 17:09:56,670 - Waiting for a buy signal
INFO 2019-01-28 17:10:02,697 - Waiting for a buy signal
INFO 2019-01-28 17:10:08,710 - Waiting for a buy signal
INFO 2019-01-28 17:10:14,744 - Waiting for a buy signal
INFO 2019-01-28 17:10:20,888 - Waiting for a buy signal
INFO 2019-01-28 17:10:27,009 - Waiting for a buy signal
INFO 2019-01-28 17:10:33,349 - Waiting for a buy signal
INFO 2019-01-28 17:10:39,728 - Waiting for a buy signal
INFO 2019-01-28 17:10:40,396 - Sucefull creating a buy order
INFO 2019-01-28 17:10:46,447 - We have open orders, waiting for sell signal
INFO 2019-01-28 17:10:52,437 - We have open orders, waiting for sell signal
INFO 2019-01-28 17:10:53,135 - Sucefull creating a sell order
INFO 2019-01-28 17:10:59,997 - Waiting for a buy signal
INFO 2019-01-28 17:11:06,143 - Waiting for a buy signal
INFO 2019-01-28 17:11:06,850 - Sucefull creating a buy order
INFO 2019-01-28 17:11:12,991 - We have open orders, waiting for sell signal
INFO 2019-01-28 17:11:18,943 - We have open orders, waiting for sell signal
INFO 2019-01-28 17:11:24,908 - We have open orders, waiting for sell signal
INFO 2019-01-28 17:11:25,642 - Sucefull creating a sell order
INFO 2019-01-28 17:11:31,673 - Waiting for a buy signal
INFO 2019-01-28 17:11:37,993 - Waiting for a buy signal
INFO 2019-01-28 17:11:43,957 - Waiting for a buy signal
INFO 2019-01-28 17:11:44,630 - Sucefull creating a buy order
INFO 2019-01-28 17:11:50,622 - We have open orders, waiting for sell signal
INFO 2019-01-28 17:11:51,332 - Sucefull creating a sell order
INFO 2019-01-28 17:11:57,564 - Waiting for a buy signal
INFO 2019-01-28 17:11:58,234 - Sucefull creating a buy order
INFO 2019-01-28 17:12:04,218 - We have open orders, waiting for sell signal
INFO 2019-01-28 17:12:10,512 - We have open orders, waiting for sell signal
INFO 2019-01-28 17:12:11,215 - Sucefull creating a sell order
INFO 2019-01-28 17:12:17,316 - Waiting for a buy signal
INFO 2019-01-28 17:12:18,003 - Sucefull creating a buy order
INFO 2019-01-28 17:12:24,191 - We have open orders, waiting for sell signal
INFO 2019-01-28 17:12:24,891 - Sucefull creating a sell order
INFO 2019-01-28 17:12:30,834 - Waiting for a buy signal
